1636246158.339928 client started (4928): version 2.6, socket /tmp/tmux-1000/cloud92.2, protocol 8
1636246158.339958 on Linux 5.4.0-1058-aws #61~18.04.3-Ubuntu SMP Fri Oct 1 14:04:01 UTC 2021; libevent 2.1.8-stable (poll)
1636246158.339976 socket is /tmp/tmux-1000/cloud92.2
1636246158.339988 trying connect
1636246158.340123 add peer 0x55df7c31c370: 7 ((nil))
1636246158.340172 sending message 100 to peer 0x55df7c31c370 (4 bytes)
1636246158.340179 sending message 101 to peer 0x55df7c31c370 (7 bytes)
1636246158.340183 sending message 102 to peer 0x55df7c31c370 (11 bytes)
1636246158.340187 sending message 108 to peer 0x55df7c31c370 (36 bytes)
1636246158.340192 sending message 104 to peer 0x55df7c31c370 (0 bytes)
1636246158.340196 sending message 107 to peer 0x55df7c31c370 (4 bytes)
1636246158.340200 sending message 105 to peer 0x55df7c31c370 (26 bytes)
1636246158.340203 sending message 105 to peer 0x55df7c31c370 (51 bytes)
1636246158.340210 sending message 105 to peer 0x55df7c31c370 (15 bytes)
1636246158.340213 sending message 105 to peer 0x55df7c31c370 (13 bytes)
1636246158.340217 sending message 105 to peer 0x55df7c31c370 (35 bytes)
1636246158.340220 sending message 105 to peer 0x55df7c31c370 (32 bytes)
1636246158.340224 sending message 105 to peer 0x55df7c31c370 (8 bytes)
1636246158.340228 sending message 105 to peer 0x55df7c31c370 (40 bytes)
1636246158.340231 sending message 105 to peer 0x55df7c31c370 (28 bytes)
1636246158.340235 sending message 105 to peer 0x55df7c31c370 (24 bytes)
1636246158.340238 sending message 105 to peer 0x55df7c31c370 (43 bytes)
1636246158.340242 sending message 105 to peer 0x55df7c31c370 (14 bytes)
1636246158.340246 sending message 105 to peer 0x55df7c31c370 (40 bytes)
1636246158.340249 sending message 105 to peer 0x55df7c31c370 (17 bytes)
1636246158.340253 sending message 105 to peer 0x55df7c31c370 (12 bytes)
1636246158.340256 sending message 105 to peer 0x55df7c31c370 (13 bytes)
1636246158.340260 sending message 105 to peer 0x55df7c31c370 (40 bytes)
1636246158.340264 sending message 105 to peer 0x55df7c31c370 (18 bytes)
1636246158.340269 sending message 105 to peer 0x55df7c31c370 (25 bytes)
1636246158.340273 sending message 105 to peer 0x55df7c31c370 (34 bytes)
1636246158.340276 sending message 105 to peer 0x55df7c31c370 (37 bytes)
1636246158.340280 sending message 105 to peer 0x55df7c31c370 (65 bytes)
1636246158.340284 sending message 105 to peer 0x55df7c31c370 (42 bytes)
1636246158.340287 sending message 105 to peer 0x55df7c31c370 (58 bytes)
1636246158.340291 sending message 105 to peer 0x55df7c31c370 (26 bytes)
1636246158.340295 sending message 105 to peer 0x55df7c31c370 (84 bytes)
1636246158.340298 sending message 105 to peer 0x55df7c31c370 (10 bytes)
1636246158.340302 sending message 105 to peer 0x55df7c31c370 (27 bytes)
1636246158.340306 sending message 105 to peer 0x55df7c31c370 (22 bytes)
1636246158.340309 sending message 105 to peer 0x55df7c31c370 (13 bytes)
1636246158.340313 sending message 105 to peer 0x55df7c31c370 (16 bytes)
1636246158.340316 sending message 105 to peer 0x55df7c31c370 (12 bytes)
1636246158.340320 sending message 105 to peer 0x55df7c31c370 (12 bytes)
1636246158.340325 sending message 105 to peer 0x55df7c31c370 (52 bytes)
1636246158.340329 sending message 105 to peer 0x55df7c31c370 (24 bytes)
1636246158.340333 sending message 105 to peer 0x55df7c31c370 (46 bytes)
1636246158.340336 sending message 105 to peer 0x55df7c31c370 (13 bytes)
1636246158.340340 sending message 105 to peer 0x55df7c31c370 (8 bytes)
1636246158.340344 sending message 105 to peer 0x55df7c31c370 (27 bytes)
1636246158.340347 sending message 105 to peer 0x55df7c31c370 (177 bytes)
1636246158.340351 sending message 105 to peer 0x55df7c31c370 (15 bytes)
1636246158.340355 sending message 105 to peer 0x55df7c31c370 (31 bytes)
1636246158.340358 sending message 105 to peer 0x55df7c31c370 (13 bytes)
1636246158.340362 sending message 105 to peer 0x55df7c31c370 (49 bytes)
1636246158.340366 sending message 105 to peer 0x55df7c31c370 (839 bytes)
1636246158.340377 sending message 105 to peer 0x55df7c31c370 (16 bytes)
1636246158.340387 sending message 105 to peer 0x55df7c31c370 (49 bytes)
1636246158.340391 sending message 105 to peer 0x55df7c31c370 (20 bytes)
1636246158.340395 sending message 105 to peer 0x55df7c31c370 (16 bytes)
1636246158.340399 sending message 105 to peer 0x55df7c31c370 (16 bytes)
1636246158.340403 sending message 106 to peer 0x55df7c31c370 (0 bytes)
1636246158.340407 sending message 200 to peer 0x55df7c31c370 (4 bytes)
1636246158.340410 client loop enter
1636246158.340690 peer 0x55df7c31c370 message 211
1636246158.341185 peer 0x55df7c31c370 message 203
1636246158.341202 client loop exit
